<?xml version="1.0" encoding="UTF-8"?>
<!-- Generated by org.testng.reporters.JUnitReportReporter -->
<testsuite hostname="sys" name="day13.XpathCreation3" tests="1" failures="0" timestamp="28 Jan 2016 05:08:54 GMT" time="29.495" errors="0">
  <testcase name="xpathTest" time="29.495" classname="day13.XpathCreation3"/>
</testsuite> <!-- day13.XpathCreation3 -->
