<?xml version="1.0" encoding="UTF-8"?>
<!-- Generated by org.testng.reporters.JUnitReportReporter -->
<testsuite hostname="sys" name="day13.CreatingXpaths2" tests="1" failures="0" timestamp="28 Jan 2016 04:56:29 GMT" time="23.996" errors="0">
  <testcase name="xpathTest" time="23.996" classname="day13.CreatingXpaths2"/>
</testsuite> <!-- day13.CreatingXpaths2 -->
