<?xml version="1.0" encoding="UTF-8"?>
<!-- Generated by org.testng.reporters.JUnitReportReporter -->
<testsuite hostname="sys" name="day19.Calander_Webtable" tests="1" failures="0" timestamp="5 Feb 2016 06:15:24 GMT" time="84.077" errors="0">
  <testcase name="calanderTest" time="84.077" classname="day19.Calander_Webtable"/>
</testsuite> <!-- day19.Calander_Webtable -->
