<?xml version="1.0" encoding="UTF-8"?>
<!-- Generated by org.testng.reporters.JUnitReportReporter -->
<testsuite hostname="sys" name="day12.CaptchaAutomation" tests="1" failures="0" timestamp="27 Jan 2016 05:22:46 GMT" time="12.766" errors="0">
  <testcase name="captchaTest" time="12.766" classname="day12.CaptchaAutomation"/>
</testsuite> <!-- day12.CaptchaAutomation -->
