<?xml version="1.0" encoding="UTF-8"?>
<!-- Generated by org.testng.reporters.JUnitReportReporter -->
<testsuite hostname="sys" name="day25.testsuite.FlightDetails" tests="1" failures="0" timestamp="20 Feb 2016 11:19:10 GMT" time="1.825" errors="0">
  <testcase name="flightDetailsTest" time="1.825" classname="day25.testsuite.FlightDetails"/>
</testsuite> <!-- day25.testsuite.FlightDetails -->
