<?xml version="1.0" encoding="UTF-8"?>
<!-- Generated by org.testng.reporters.JUnitReportReporter -->
<testsuite hostname="sys" name="day18.WebtableTesting2" tests="1" failures="0" timestamp="4 Feb 2016 04:53:23 GMT" time="45.997" errors="0">
  <testcase name="webtableTest" time="45.997" classname="day18.WebtableTesting2"/>
</testsuite> <!-- day18.WebtableTesting2 -->
