<?xml version="1.0" encoding="UTF-8"?>
<!-- Generated by org.testng.reporters.JUnitReportReporter -->
<testsuite hostname="sys" name="day14.ImplicitWaitExample" tests="1" failures="0" timestamp="29 Jan 2016 05:07:15 GMT" time="14.863" errors="0">
  <testcase name="waitTest" time="14.863" classname="day14.ImplicitWaitExample"/>
</testsuite> <!-- day14.ImplicitWaitExample -->
