<?xml version="1.0" encoding="UTF-8"?>
<!-- Generated by org.testng.reporters.JUnitReportReporter -->
<testsuite hostname="sys" name="day29.DBTesting2" tests="1" failures="0" timestamp="20 Feb 2016 06:31:25 GMT" time="17.167" errors="0">
  <testcase name="registrationTest" time="17.167" classname="day29.DBTesting2"/>
</testsuite> <!-- day29.DBTesting2 -->
