<?xml version="1.0" encoding="UTF-8"?>
<!-- Generated by org.testng.reporters.JUnitReportReporter -->
<testsuite hostname="sys" name="day25.testsuite.BookAFlight" tests="1" failures="0" timestamp="20 Feb 2016 11:19:10 GMT" time="2.336" errors="0">
  <testcase name="bookaFlighTest" time="2.336" classname="day25.testsuite.BookAFlight"/>
</testsuite> <!-- day25.testsuite.BookAFlight -->
