<?xml version="1.0" encoding="UTF-8"?>
<!-- Generated by org.testng.reporters.JUnitReportReporter -->
<testsuite hostname="sys" name="day21.AjaxAuggestions" tests="1" failures="0" timestamp="8 Feb 2016 05:25:56 GMT" time="8.474" errors="0">
  <testcase name="ajaxTest" time="8.474" classname="day21.AjaxAuggestions"/>
</testsuite> <!-- day21.AjaxAuggestions -->
