<?xml version="1.0" encoding="UTF-8"?>
<!-- Generated by org.testng.reporters.JUnitReportReporter -->
<testsuite hostname="sys" name="day26.OrangHRMLogin" tests="1" failures="0" timestamp="15 Feb 2016 05:20:56 GMT" time="27.489" errors="0">
  <testcase name="logoinTest" time="27.489" classname="day26.OrangHRMLogin"/>
</testsuite> <!-- day26.OrangHRMLogin -->
