<?xml version="1.0" encoding="UTF-8"?>
<!-- Generated by org.testng.reporters.JUnitReportReporter -->
<testsuite hostname="sys" name="day18.WebtableTesting1" tests="1" failures="0" timestamp="4 Feb 2016 04:40:55 GMT" time="14.652" errors="0">
  <testcase name="webtableTest" time="14.652" classname="day18.WebtableTesting1"/>
</testsuite> <!-- day18.WebtableTesting1 -->
