<?xml version="1.0" encoding="UTF-8"?>
<!-- Generated by org.testng.reporters.JUnitReportReporter -->
<testsuite hostname="sys" name="day29.TestCase1" tests="1" failures="0" timestamp="20 Feb 2016 04:19:58 GMT" time="13.942" errors="0">
  <testcase name="loginTest" time="13.942" classname="day29.TestCase1"/>
</testsuite> <!-- day29.TestCase1 -->
