<?xml version="1.0" encoding="UTF-8"?>
<!-- Generated by org.testng.reporters.JUnitReportReporter -->
<testsuite hostname="sys" name="day27.ScreenshotOnGrid" tests="1" failures="0" timestamp="16 Feb 2016 04:53:23 GMT" time="22.264" errors="0">
  <testcase name="logoinTest" time="22.264" classname="day27.ScreenshotOnGrid"/>
</testsuite> <!-- day27.ScreenshotOnGrid -->
