<?xml version="1.0" encoding="UTF-8"?>
<!-- Generated by org.testng.reporters.JUnitReportReporter -->
<testsuite hostname="sys" name="day12.Sample" tests="2" failures="0" timestamp="27 Jan 2016 04:20:41 GMT" time="0.031" errors="0">
  <testcase name="registrationTest" time="0.016" classname="day12.Sample"/>
  <testcase name="loginTest" time="0.015" classname="day12.Sample"/>
</testsuite> <!-- day12.Sample -->
