<?xml version="1.0" encoding="UTF-8"?>
<!-- Generated by org.testng.reporters.JUnitReportReporter -->
<testsuite hostname="sys" name="day23.DatadrivenTesting3" tests="1" failures="0" timestamp="10 Feb 2016 04:20:23 GMT" time="28.325" errors="0">
  <testcase name="ajaxTest" time="28.325" classname="day23.DatadrivenTesting3"/>
</testsuite> <!-- day23.DatadrivenTesting3 -->
