<?xml version="1.0" encoding="UTF-8"?>
<!-- Generated by org.testng.reporters.JUnitReportReporter -->
<testsuite hostname="sys" name="day27.DatadrivenTestingOnGrid" tests="2" failures="0" timestamp="20 Feb 2016 05:33:22 GMT" time="377.029" errors="0">
  <testcase name="linksTest" time="281.223" classname="day27.DatadrivenTestingOnGrid"/>
  <testcase name="linksTest" time="95.806" classname="day27.DatadrivenTestingOnGrid"/>
</testsuite> <!-- day27.DatadrivenTestingOnGrid -->
