<?xml version="1.0" encoding="UTF-8"?>
<!-- Generated by org.testng.reporters.JUnitReportReporter -->
<testsuite hostname="sys" name="day14.Xpaths" tests="1" failures="0" timestamp="29 Jan 2016 04:29:25 GMT" time="13.486" errors="0">
  <testcase name="xpathTest" time="13.486" classname="day14.Xpaths"/>
</testsuite> <!-- day14.Xpaths -->
