<?xml version="1.0" encoding="UTF-8"?>
<!-- Generated by org.testng.reporters.JUnitReportReporter -->
<testsuite hostname="sys" name="day17.MouseHover" tests="1" failures="0" timestamp="3 Feb 2016 04:41:11 GMT" time="10.575" errors="0">
  <testcase name="mouseHoverTest" time="10.575" classname="day17.MouseHover"/>
</testsuite> <!-- day17.MouseHover -->
