<?xml version="1.0" encoding="UTF-8"?>
<!-- Generated by org.testng.reporters.JUnitReportReporter -->
<testsuite hostname="sys" name="day23.LoginusingKeywords" tests="1" failures="0" timestamp="10 Feb 2016 05:20:28 GMT" time="22.690" errors="0">
  <testcase name="loginTest" time="22.690" classname="day23.LoginusingKeywords"/>
</testsuite> <!-- day23.LoginusingKeywords -->
