<?xml version="1.0" encoding="UTF-8"?>
<!-- Generated by org.testng.reporters.JUnitReportReporter -->
<testsuite hostname="sys" name="day14.Explicitwait_Webdriverwait" tests="1" failures="0" timestamp="29 Jan 2016 05:24:54 GMT" time="28.815" errors="0">
  <testcase name="waitTest" time="28.815" classname="day14.Explicitwait_Webdriverwait"/>
</testsuite> <!-- day14.Explicitwait_Webdriverwait -->
