<?xml version="1.0" encoding="UTF-8"?>
<!-- Generated by org.testng.reporters.JUnitReportReporter -->
<testsuite hostname="sys" name="day30.ClcikonHiddenComponent" tests="1" failures="0" timestamp="20 Feb 2016 10:51:28 GMT" time="20.397" errors="0">
  <testcase name="HiddenLinkTest" time="20.397" classname="day30.ClcikonHiddenComponent"/>
</testsuite> <!-- day30.ClcikonHiddenComponent -->
