<?xml version="1.0" encoding="UTF-8"?>
<!-- Generated by org.testng.reporters.JUnitReportReporter -->
<testsuite hostname="sys" name="day21.DynamicCSS" tests="1" failures="0" timestamp="8 Feb 2016 05:24:47 GMT" time="11.731" errors="0">
  <testcase name="CSSTest" time="11.731" classname="day21.DynamicCSS"/>
</testsuite> <!-- day21.DynamicCSS -->
