<?xml version="1.0" encoding="UTF-8"?>
<!-- Generated by org.testng.reporters.JUnitReportReporter -->
<testsuite hostname="sys" name="day20.WebtableExcel" tests="1" failures="0" timestamp="6 Feb 2016 06:29:16 GMT" time="36.450" errors="0">
  <testcase name="webtableTest" time="36.450" classname="day20.WebtableExcel"/>
</testsuite> <!-- day20.WebtableExcel -->
