<?xml version="1.0" encoding="UTF-8"?>
<!-- Generated by org.testng.reporters.JUnitReportReporter -->
<testsuite hostname="sys" name="day16.MultipleWindows2" tests="1" failures="0" timestamp="1 Feb 2016 05:07:35 GMT" time="39.409" errors="0">
  <testcase name="multipleWindowtest" time="39.409" classname="day16.MultipleWindows2"/>
</testsuite> <!-- day16.MultipleWindows2 -->
