<?xml version="1.0" encoding="UTF-8"?>
<!-- Generated by org.testng.reporters.JUnitReportReporter -->
<testsuite hostname="sys" name="day22.DatadrivenTesting1" tests="1" failures="0" timestamp="9 Feb 2016 04:38:44 GMT" time="64.515" errors="0">
  <testcase name="linksTest" time="64.515" classname="day22.DatadrivenTesting1"/>
</testsuite> <!-- day22.DatadrivenTesting1 -->
