<?xml version="1.0" encoding="UTF-8"?>
<!-- Generated by org.testng.reporters.JUnitReportReporter -->
<testsuite hostname="sys" name="day12.RadioButtonsTesting2" tests="1" failures="0" timestamp="27 Jan 2016 05:03:37 GMT" time="45.181" errors="0">
  <testcase name="radioButtonsTest" time="45.181" classname="day12.RadioButtonsTesting2"/>
</testsuite> <!-- day12.RadioButtonsTesting2 -->
