<?xml version="1.0" encoding="UTF-8"?>
<!-- Generated by org.testng.reporters.JUnitReportReporter -->
<testsuite hostname="sys" name="day17.DragandDrop2" tests="1" failures="0" timestamp="3 Feb 2016 05:17:47 GMT" time="7.394" errors="0">
  <testcase name="dragandDropTest" time="7.394" classname="day17.DragandDrop2"/>
</testsuite> <!-- day17.DragandDrop2 -->
