<?xml version="1.0" encoding="UTF-8"?>
<!-- Generated by org.testng.reporters.JUnitReportReporter -->
<testsuite hostname="sys" name="day16.MultipleWindows" tests="1" failures="0" timestamp="1 Feb 2016 04:25:29 GMT" time="12.058" errors="0">
  <testcase name="multipleWindowtest" time="12.058" classname="day16.MultipleWindows"/>
</testsuite> <!-- day16.MultipleWindows -->
