<?xml version="1.0" encoding="UTF-8"?>
<!-- Generated by org.testng.reporters.JUnitReportReporter -->
<testsuite hostname="sys" name="day17.Frames1" tests="1" failures="0" timestamp="3 Feb 2016 04:23:52 GMT" time="19.673" errors="0">
  <testcase name="framesTest" time="19.673" classname="day17.Frames1"/>
</testsuite> <!-- day17.Frames1 -->
