<?xml version="1.0" encoding="UTF-8"?>
<!-- Generated by org.testng.reporters.JUnitReportReporter -->
<testsuite hostname="sys" name="day24.LoginusingReflections" tests="1" failures="0" timestamp="12 Feb 2016 04:11:09 GMT" time="29.761" errors="0">
  <testcase name="loginTest" time="29.761" classname="day24.LoginusingReflections"/>
</testsuite> <!-- day24.LoginusingReflections -->
