<?xml version="1.0" encoding="UTF-8"?>
<!-- Generated by org.testng.reporters.JUnitReportReporter -->
<testsuite hostname="sys" name="day17.RightClick" tests="1" failures="0" timestamp="3 Feb 2016 04:58:28 GMT" time="4.751" errors="0">
  <testcase name="rightClickTest" time="4.751" classname="day17.RightClick"/>
</testsuite> <!-- day17.RightClick -->
