<?xml version="1.0" encoding="UTF-8"?>
<!-- Generated by org.testng.reporters.JUnitReportReporter -->
<testsuite hostname="sys" name="day25.testsuite.Login" tests="1" failures="0" timestamp="20 Feb 2016 11:19:10 GMT" time="21.459" errors="0">
  <testcase name="loginTest" time="21.459" classname="day25.testsuite.Login"/>
</testsuite> <!-- day25.testsuite.Login -->
