<?xml version="1.0" encoding="UTF-8"?>
<!-- Generated by org.testng.reporters.JUnitReportReporter -->
<testsuite hostname="sys" name="day12.RadioButtonsTesting1" tests="1" failures="0" timestamp="27 Jan 2016 04:38:39 GMT" time="42.605" errors="0">
  <testcase name="radioButtonsTest" time="42.605" classname="day12.RadioButtonsTesting1"/>
</testsuite> <!-- day12.RadioButtonsTesting1 -->
