<?xml version="1.0" encoding="UTF-8"?>
<!-- Generated by org.testng.reporters.JUnitReportReporter -->
<testsuite hostname="sys" name="day21.CookiesTesting" tests="1" failures="0" timestamp="8 Feb 2016 05:50:27 GMT" time="55.261" errors="0">
  <testcase name="cookiesTest" time="55.261" classname="day21.CookiesTesting"/>
</testsuite> <!-- day21.CookiesTesting -->
