<?xml version="1.0" encoding="UTF-8"?>
<!-- Generated by org.testng.reporters.JUnitReportReporter -->
<testsuite hostname="sys" name="LoginUsingDataProvider" tests="2" failures="0" timestamp="16 Feb 2016 05:20:37 GMT" time="46.610" errors="0">
  <testcase name="loginTest" time="30.109" classname="LoginUsingDataProvider"/>
  <testcase name="loginTest" time="16.501" classname="LoginUsingDataProvider"/>
</testsuite> <!-- LoginUsingDataProvider -->
