<?xml version="1.0" encoding="UTF-8"?>
<!-- Generated by org.testng.reporters.JUnitReportReporter -->
<testsuite hostname="sys" name="day17.DragandDrop" tests="1" failures="0" timestamp="3 Feb 2016 05:08:59 GMT" time="6.088" errors="0">
  <testcase name="dragandDropTest" time="6.088" classname="day17.DragandDrop"/>
</testsuite> <!-- day17.DragandDrop -->
