<?xml version="1.0" encoding="UTF-8"?>
<!-- Generated by org.testng.reporters.JUnitReportReporter -->
<testsuite hostname="sys" name="day15.ExplicitWait_FluentWait" tests="1" failures="0" timestamp="30 Jan 2016 05:25:59 GMT" time="30.097" errors="0">
  <testcase name="waitTest" time="30.097" classname="day15.ExplicitWait_FluentWait"/>
</testsuite> <!-- day15.ExplicitWait_FluentWait -->
