<?xml version="1.0" encoding="UTF-8"?>
<!-- Generated by org.testng.reporters.JUnitReportReporter -->
<testsuite hostname="sys" name="day18.SliderAutomation" tests="1" failures="0" timestamp="4 Feb 2016 04:26:12 GMT" time="12.160" errors="0">
  <testcase name="sliderTest" time="12.160" classname="day18.SliderAutomation"/>
</testsuite> <!-- day18.SliderAutomation -->
