<?xml version="1.0" encoding="UTF-8"?>
<!-- Generated by org.testng.reporters.JUnitReportReporter -->
<testsuite hostname="sys" name="day13.XpathCreation1" tests="1" failures="0" timestamp="28 Jan 2016 04:46:19 GMT" time="4.034" errors="0">
  <testcase name="xpathTest" time="4.034" classname="day13.XpathCreation1"/>
</testsuite> <!-- day13.XpathCreation1 -->
