<?xml version="1.0" encoding="UTF-8"?>
<!-- Generated by org.testng.reporters.JUnitReportReporter -->
<testsuite hostname="sys" name="day18.DynamicWebtable" tests="2" failures="0" timestamp="4 Feb 2016 05:15:23 GMT" time="20.009" errors="0">
  <testcase name="loginTest" time="7.158" classname="day18.DynamicWebtable"/>
  <testcase name="webtableTest" time="12.851" classname="day18.DynamicWebtable"/>
</testsuite> <!-- day18.DynamicWebtable -->
