<?xml version="1.0" encoding="UTF-8"?>
<!-- Generated by org.testng.reporters.JUnitReportReporter -->
<testsuite hostname="sys" name="day22.DatadrivenTesting2" tests="1" failures="0" timestamp="9 Feb 2016 05:07:20 GMT" time="19.117" errors="0">
  <testcase name="registrationTest" time="19.117" classname="day22.DatadrivenTesting2"/>
</testsuite> <!-- day22.DatadrivenTesting2 -->
