<?xml version="1.0" encoding="UTF-8"?>
<!-- Generated by org.testng.reporters.JUnitReportReporter -->
<testsuite hostname="sys" name="day30.ExtentReportsExample" tests="1" failures="0" timestamp="20 Feb 2016 11:45:13 GMT" time="30.234" errors="0">
  <testcase name="reportTest" time="30.234" classname="day30.ExtentReportsExample"/>
</testsuite> <!-- day30.ExtentReportsExample -->
