<?xml version="1.0" encoding="UTF-8"?>
<!-- Generated by org.testng.reporters.JUnitReportReporter -->
<testsuite hostname="sys" name="day23.LoginusingProperties" tests="1" failures="0" timestamp="10 Feb 2016 04:47:40 GMT" time="15.375" errors="0">
  <testcase name="loginTest" time="15.375" classname="day23.LoginusingProperties"/>
</testsuite> <!-- day23.LoginusingProperties -->
